<?xml version="1.0" encoding="UTF-8"?>
<!-- Generated by org.testng.reporters.JUnitXMLReporter -->
<testsuite ignored="0" hostname="DESKTOP-H75SLG5" failures="0" tests="4" name="Surefire test" time="0.226" errors="0" timestamp="2020-06-14T14:13:36 CEST">
  <testcase classname="JakisTest" name="TestButt" time="0.062"/>
  <testcase classname="JakisTest" name="TestHist" time="0.001"/>
  <testcase classname="JakisTest" name="TestPanel" time="0.091"/>
  <testcase classname="JakisTest" name="TestPasek" time="0.036"/>
</testsuite> <!-- Surefire test -->
