<?xml version="1.0" encoding="UTF-8"?>
<testsuite xmlns:xsi="http://www.w3.org/2001/XMLSchema-instance" xsi:noNamespaceSchemaLocation="https://maven.apache.org/surefire/maven-surefire-plugin/xsd/surefire-test-report.xsd" name="JakisTest" time="0.812" tests="4" errors="0" skipped="0" failures="0">
  <properties>
[...]
</properties>
  <testcase name="TestButt" classname="JakisTest" time="0.064"/>
  <testcase name="TestHist" classname="JakisTest" time="0.001"/>
  <testcase name="TestPanel" classname="JakisTest" time="0.091"/>
  <testcase name="TestPasek" classname="JakisTest" time="0.037"/>
</testsuite>