<?xml version="1.0" encoding="UTF-8"?>
<testng-results ignored="0" total="4" passed="4" failed="0" skipped="0">
  <reporter-output>
  </reporter-output>
  <suite started-at="2020-06-14T14:13:36 CEST" name="Surefire suite" finished-at="2020-06-14T14:13:36 CEST" duration-ms="226">
    <groups>
    </groups>
    <test started-at="2020-06-14T14:13:36 CEST" name="Surefire test" finished-at="2020-06-14T14:13:36 CEST" duration-ms="226">
      <class name="JakisTest">
        <test-method signature="TestButt()[pri:0, instance:JakisTest@5a4041cc]" started-at="2020-06-14T14:13:36 CEST" name="TestButt" finished-at="2020-06-14T14:13:36 CEST" duration-ms="62" status="PASS">
          <reporter-output>
          </reporter-output>
        </test-method> <!-- TestButt -->
        <test-method signature="TestHist()[pri:0, instance:JakisTest@5a4041cc]" started-at="2020-06-14T14:13:36 CEST" name="TestHist" finished-at="2020-06-14T14:13:36 CEST" duration-ms="1" status="PASS">
          <reporter-output>
          </reporter-output>
        </test-method> <!-- TestHist -->
        <test-method signature="TestPanel()[pri:0, instance:JakisTest@5a4041cc]" started-at="2020-06-14T14:13:36 CEST" name="TestPanel" finished-at="2020-06-14T14:13:36 CEST" duration-ms="91" status="PASS">
          <reporter-output>
          </reporter-output>
        </test-method> <!-- TestPanel -->
        <test-method signature="TestPasek()[pri:0, instance:JakisTest@5a4041cc]" started-at="2020-06-14T14:13:36 CEST" name="TestPasek" finished-at="2020-06-14T14:13:36 CEST" duration-ms="36" status="PASS">
          <reporter-output>
          </reporter-output>
        </test-method> <!-- TestPasek -->
      </class> <!-- JakisTest -->
    </test> <!-- Surefire test -->
  </suite> <!-- Surefire suite -->
</testng-results>
